<?xml version="1.0" encoding="UTF-8"?>
<!-- Generated by org.testng.reporters.JUnitReportReporter -->
<testsuite skipped="0" hostname="DESKTOP-O48P6VL" name="com.execution.Sampletest" tests="1" failures="0" timestamp="24 Jun 2018 15:46:07 GMT" time="0.017" errors="0">
  <testcase name="executionApp" time="0.017" classname="com.execution.Sampletest"/>
</testsuite> <!-- com.execution.Sampletest -->
